2023-02-17 11:38:53.718 [info] update#setState idle
2023-02-17 11:38:55.110 [info] [UtilityProcess id: 1, type: extensionHost, pid: <none>]: creating new...
2023-02-17 11:38:55.122 [info] [UtilityProcess id: 1, type: extensionHost, pid: 1727]: successfully created
2023-02-17 11:38:56.772 [error] update#isLatestVersion(): failed to check for updates
2023-02-17 11:38:56.773 [error] Error: net::ERR_NAME_NOT_RESOLVED
    at SimpleURLLoaderWrapper.<anonymous> (node:electron/js2c/browser_init:105:7047)
    at SimpleURLLoaderWrapper.emit (node:events:526:28)
2023-02-17 11:38:59.365 [error] update#isLatestVersion(): failed to check for updates
2023-02-17 11:38:59.368 [error] Error: net::ERR_NAME_NOT_RESOLVED
    at SimpleURLLoaderWrapper.<anonymous> (node:electron/js2c/browser_init:105:7047)
    at SimpleURLLoaderWrapper.emit (node:events:526:28)
2023-02-17 11:39:23.722 [info] update#setState checking for updates
2023-02-17 11:39:24.209 [info] update#setState idle
2023-02-17 12:39:24.727 [info] update#setState checking for updates
2023-02-17 12:39:24.905 [info] update#setState idle
2023-02-17 14:20:23.038 [info] update#setState checking for updates
2023-02-17 14:20:18.818 [info] update#setState idle
2023-02-17 15:20:18.942 [info] update#setState checking for updates
2023-02-17 15:20:40.239 [error] Error: net::ERR_NAME_NOT_RESOLVED
    at SimpleURLLoaderWrapper.<anonymous> (node:electron/js2c/browser_init:105:7047)
    at SimpleURLLoaderWrapper.emit (node:events:526:28)
2023-02-17 15:20:40.240 [info] update#setState idle
2023-02-17 16:20:19.895 [info] update#setState checking for updates
2023-02-17 16:20:20.134 [info] update#setState idle
