[Info  - 09:33:17] Initialising intelephense 1.9.5
[Info  - 09:33:17] Reading state from /home/tengen/.config/Code/User/workspaceStorage/fd6158fc8802d977532136c764908d03/bmewburn.vscode-intelephense-client/489e596.
[Info  - 09:33:19] Initialised in 2016 ms
[Info  - 09:33:19] Searching file:///home/tengen/.vscode/extensions/bmewburn.vscode-intelephense-client-1.9.5/node_modules/intelephense/lib/stub for files to index.
[Info  - 09:33:19] Searching file:///var/www/html/projet1 for files to index.
[Info  - 09:33:20] Indexing started.
[Info  - 09:33:23] Indexing ended. 1553 files indexed in 1s.
[Info  - 09:33:23] Writing state to /home/tengen/.config/Code/User/workspaceStorage/fd6158fc8802d977532136c764908d03/bmewburn.vscode-intelephense-client/489e596.
[Info  - 09:33:25] Wrote state in 1.1s.
[Info  - 09:35:01] Indexing started.
[Info  - 09:35:01] Indexing ended. 2 files indexed in 0s.
[Info  - 09:41:29] Indexing started.
[Info  - 09:41:29] Indexing ended. 2 files indexed in 0s.
[Info  - 09:44:50] Indexing started.
[Info  - 09:44:50] Indexing ended. 2 files indexed in 0s.
[Info  - 09:45:33] Indexing started.
[Info  - 09:45:33] Indexing ended. 1 files indexed in 0s.
[Info  - 09:46:39] Indexing started.
[Info  - 09:46:39] Indexing ended. 2 files indexed in 0s.
[Info  - 09:48:04] Indexing started.
[Info  - 09:48:04] Indexing ended. 38 files indexed in 0s.
[Info  - 09:48:05] Indexing started.
[Info  - 09:48:05] Indexing ended. 358 files indexed in 0s.
[Info  - 09:48:52] Indexing started.
[Info  - 09:48:52] Indexing ended. 2 files indexed in 0s.
[Info  - 09:50:10] Indexing started.
[Info  - 09:50:10] Indexing ended. 25 files indexed in 0s.
[Info  - 09:50:11] Indexing started.
[Info  - 09:50:12] Indexing ended. 386 files indexed in 0s.
[Info  - 09:50:25] Indexing started.
[Info  - 09:50:26] Indexing ended. 2 files indexed in 0s.
[Info  - 09:51:02] Indexing started.
[Info  - 09:51:02] Indexing ended. 2 files indexed in 0s.
[Info  - 09:51:34] Indexing started.
[Info  - 09:51:34] Indexing ended. 1 files indexed in 0s.
[Info  - 09:51:40] Indexing started.
[Info  - 09:51:40] Indexing ended. 1 files indexed in 0s.
[Info  - 09:51:53] Indexing started.
[Info  - 09:51:54] Indexing ended. 1 files indexed in 0s.
[Info  - 09:52:10] Indexing started.
[Info  - 09:52:10] Indexing ended. 1 files indexed in 0s.
[Info  - 09:52:19] Indexing started.
[Info  - 09:52:19] Indexing ended. 1 files indexed in 0s.
[Info  - 09:52:37] Indexing started.
[Info  - 09:52:37] Indexing ended. 1 files indexed in 0s.
[Info  - 09:52:46] Indexing started.
[Info  - 09:52:46] Indexing ended. 1 files indexed in 0s.
[Info  - 09:53:10] Indexing started.
[Info  - 09:53:10] Indexing ended. 1 files indexed in 0s.
[Info  - 09:53:31] Indexing started.
[Info  - 09:53:32] Indexing ended. 1 files indexed in 0s.
[Info  - 09:53:58] Indexing started.
[Info  - 09:53:58] Indexing ended. 1 files indexed in 0s.
[Info  - 09:55:14] Indexing started.
[Info  - 09:55:14] Indexing ended. 1 files indexed in 0s.
[Info  - 09:55:28] Indexing started.
[Info  - 09:55:28] Indexing ended. 1 files indexed in 0s.
[Info  - 09:56:18] Indexing started.
[Info  - 09:56:18] Indexing ended. 1 files indexed in 0s.
[Info  - 10:11:09] Indexing started.
[Info  - 10:11:09] Indexing ended. 2 files indexed in 0s.
[Info  - 10:15:26] Indexing started.
[Info  - 10:15:26] Indexing ended. 1 files indexed in 0s.
[Info  - 10:16:25] Indexing started.
[Info  - 10:16:25] Indexing ended. 1 files indexed in 0s.
[Info  - 10:46:41] Indexing started.
[Info  - 10:46:41] Indexing ended. 1 files indexed in 0s.
[Info  - 11:40:53] Indexing started.
[Info  - 11:40:54] Indexing ended. 1 files indexed in 0s.
[Info  - 11:41:13] Indexing started.
[Info  - 11:41:13] Indexing ended. 1 files indexed in 0s.
[Info  - 11:41:21] Indexing started.
[Info  - 11:41:22] Indexing ended. 1 files indexed in 0s.
