2023-03-01 11:08:02.385 [info] Added views:workbench.panel.markers.view in workbench.panel.markers
2023-03-01 11:08:02.385 [info] Added views:workbench.panel.output in workbench.panel.output
2023-03-01 11:08:02.385 [info] Added views:terminal in terminal
2023-03-01 11:08:02.385 [info] Added views:outline in workbench.view.explorer
2023-03-01 11:08:02.385 [info] Added views:workbench.scm in workbench.view.scm
2023-03-01 11:08:02.385 [info] Added views:workbench.view.search in workbench.view.search
2023-03-01 11:08:02.385 [info] Added views:timeline in workbench.view.explorer
2023-03-01 11:08:02.385 [info] Added views:workbench.explorer.fileView in workbench.view.explorer
2023-03-01 11:08:02.685 [info] Added views:workbench.debug.welcome in workbench.view.debug
2023-03-01 11:08:04.101 [info] Added views:workbench.panel.repl.view in workbench.panel.repl
2023-03-01 12:43:16.911 [info] Added views:workbench.views.extensions.installed,workbench.views.extensions.popular,extensions.recommendedList in workbench.view.extensions
2023-03-01 12:43:16.914 [info] Removed views:workbench.views.extensions.popular from workbench.view.extensions
2023-03-01 12:43:22.487 [info] Removed views:extensions.recommendedList,workbench.views.extensions.installed from workbench.view.extensions
2023-03-01 12:43:22.500 [info] Added views:workbench.views.extensions.marketplace in workbench.view.extensions
2023-03-01 12:43:23.086 [info] Removed views:workbench.views.extensions.marketplace from workbench.view.extensions
2023-03-01 12:43:23.092 [info] Added views:workbench.views.extensions.installed,extensions.recommendedList in workbench.view.extensions
2023-03-01 12:43:23.969 [info] Removed views:extensions.recommendedList,workbench.views.extensions.installed from workbench.view.extensions
2023-03-01 12:43:23.980 [info] Added views:workbench.views.extensions.marketplace in workbench.view.extensions
2023-03-01 14:29:31.413 [info] Removed views:workbench.views.extensions.marketplace from workbench.view.extensions
2023-03-01 14:29:31.426 [info] Added views:workbench.views.extensions.installed,extensions.recommendedList in workbench.view.extensions
2023-03-01 15:25:53.622 [info] Added views:references-view.tree in workbench.view.extension.references-view
